[166月2024 07:45:27.001] [main/INFO] [cpw.mods.modlauncher.Launcher/MODLAUNCHER]: ModLauncher running: args [--launchTarget, forgeclientuserdev, --version, 21.0.6-beta, --assetIndex, asset-index, --assetsDir, E:\.gradle\caches\minecraft\assets\1.21, --gameDir, ., --fml.neoForgeVersion, 21.0.6-beta, --fml.fmlVersion, 4.0.1, --fml.mcVersion, 1.21, --fml.neoFormVersion, 20240613.152323]
[166月2024 07:45:27.005] [main/INFO] [cpw.mods.modlauncher.Launcher/MODLAUNCHER]: JVM identified as Oracle Corporation OpenJDK 64-Bit Server VM 21.0.2+13-58
[166月2024 07:45:27.013] [main/INFO] [cpw.mods.modlauncher.Launcher/MODLAUNCHER]: ModLauncher 11.0.2+main.4612c65f starting: java version 21.0.2 by Oracle Corporation; OS Windows 10 arch amd64 version 10.0
[166月2024 07:45:27.208] [main/INFO] [net.neoforged.fml.loading.ImmediateWindowHandler/]: Loading ImmediateWindowProvider fmlearlywindow
[166月2024 07:45:27.367] [main/INFO] [EARLYDISPLAY/]: Trying GL version 4.6
[166月2024 07:45:27.447] [main/INFO] [EARLYDISPLAY/]: Requested GL version 4.6 got version 4.6
[166月2024 07:45:27.618] [main/INFO] [mixin/]: SpongePowered MIXIN Subsystem Version=0.8.5 Source=union:/E:/.gradle/caches/modules-2/files-2.1/net.fabricmc/sponge-mixin/0.13.4+mixin.0.8.5/8adf0cff1795a169141b9e16ad7b9f6e2527a990/sponge-mixin-0.13.4+mixin.0.8.5.jar%23137!/ Service=ModLauncher Env=CLIENT
[166月2024 07:45:27.928] [pool-2-thread-1/INFO] [EARLYDISPLAY/]: GL info: Intel(R) HD Graphics 630 GL version 4.6.0 - Build 31.0.101.2121, Intel
[166月2024 07:45:28.165] [main/INFO] [net.neoforged.fml.loading.moddiscovery.ModDiscoverer/SCAN]: Found mod file "neoforge-21.0.6-beta.jar" [locator: neoforge devenv provider ([D:\MinecraftNeoForgeMod\SimplestZoom\.gradle\repositories\ng_dummy_ng\net\neoforged\neoforge\21.0.6-beta\neoforge-21.0.6-beta.jar])]
[166月2024 07:45:28.188] [main/INFO] [net.neoforged.fml.loading.moddiscovery.ModDiscoverer/SCAN]: Found mod file "neoforge-21.0.6-beta.jar" [locator: neoforge devenv provider ([D:\MinecraftNeoForgeMod\SimplestZoom\.gradle\repositories\ng_dummy_ng\net\neoforged\neoforge\21.0.6-beta\neoforge-21.0.6-beta.jar])]
[166月2024 07:45:28.215] [main/INFO] [net.neoforged.fml.loading.moddiscovery.ModDiscoverer/SCAN]: Found mod file "main" [locator: userdev mods and services, reader: mod manifest]
[166月2024 07:45:28.239] [main/INFO] [net.neoforged.fml.loading.moddiscovery.ModDiscoverer/SCAN]: Found mod file "neoforge-21.0.6-beta.jar" [locator: userdev mods and services, reader: mod manifest]
[166月2024 07:45:28.315] [main/INFO] [net.neoforged.fml.loading.moddiscovery.ModDiscoverer/SCAN]: Found gamelibrary file "mixinextras-neoforge-0.3.5.jar" [locator: userdev mods and services, reader: mod manifest]
[166月2024 07:45:28.670] [main/WARN] [net.neoforged.jarjar.selection.JarSelector/]: Attempted to select a dependency jar for JarJar which was passed in as source: mixinextras-neoforge-0.3.5.jar. Using Mod File: E:\.gradle\caches\modules-2\files-2.1\io.github.llamalad7\mixinextras-neoforge\0.3.5\ef3ffcf309dae656517b2f120189b1c9b21737dd\mixinextras-neoforge-0.3.5.jar
[166月2024 07:45:28.670] [main/INFO] [net.neoforged.fml.loading.moddiscovery.locators.JarInJarDependencyLocator/]: No dependencies to load found. Skipping!
[166月2024 07:45:29.000] [main/INFO] [net.neoforged.fml.loading.FMLServiceProvider/CORE]: Loading coremod script-engine for [neoforge]
[166月2024 07:45:30.185] [main/INFO] [cpw.mods.modlauncher.LaunchServiceHandler/MODLAUNCHER]: Launching target 'forgeclientuserdev' with arguments [--version, 21.0.6-beta, --gameDir, ., --assetsDir, E:\.gradle\caches\minecraft\assets\1.21, --assetIndex, asset-index]
[166月2024 07:45:30.267] [main/WARN] [mixin/]: Reference map 'stz.refmap.json' for stz.mixins.json could not be read. If this is a development environment you can ignore this message
[166月2024 07:45:32.685] [Datafixer Bootstrap/INFO] [com.mojang.datafixers.DataFixerBuilder/]: 229 Datafixer optimizations took 529 milliseconds
[166月2024 07:45:41.046] [main/WARN] [net.minecraft.commands.Commands/]: Ambiguity between arguments [teleport, location] and [teleport, destination] with inputs: [0.1 -0.5 .9, 0 0 0]
[166月2024 07:45:41.048] [main/WARN] [net.minecraft.commands.Commands/]: Ambiguity between arguments [teleport, location] and [teleport, targets] with inputs: [0.1 -0.5 .9, 0 0 0]
[166月2024 07:45:41.053] [main/WARN] [net.minecraft.commands.Commands/]: Ambiguity between arguments [teleport, destination] and [teleport, targets] with inputs: [Player, 0123, @e, dd12be42-52a9-4a91-a8a1-11c01849e498]
[166月2024 07:45:41.056] [main/WARN] [net.minecraft.commands.Commands/]: Ambiguity between arguments [teleport, targets] and [teleport, destination] with inputs: [Player, 0123, dd12be42-52a9-4a91-a8a1-11c01849e498]
[166月2024 07:45:41.063] [main/WARN] [net.minecraft.commands.Commands/]: Ambiguity between arguments [teleport, targets, location] and [teleport, targets, destination] with inputs: [0.1 -0.5 .9, 0 0 0]
[166月2024 07:45:41.250] [Render thread/WARN] [net.minecraft.server.packs.VanillaPackResourcesBuilder/]: Assets URL 'union:/D:/MinecraftNeoForgeMod/SimplestZoom/.gradle/repositories/ng_dummy_ng/net/neoforged/neoforge/21.0.6-beta/neoforge-21.0.6-beta.jar%23192!/assets/.mcassetsroot' uses unexpected schema
[166月2024 07:45:41.251] [Render thread/WARN] [net.minecraft.server.packs.VanillaPackResourcesBuilder/]: Assets URL 'union:/D:/MinecraftNeoForgeMod/SimplestZoom/.gradle/repositories/ng_dummy_ng/net/neoforged/neoforge/21.0.6-beta/neoforge-21.0.6-beta.jar%23192!/data/.mcassetsroot' uses unexpected schema
[166月2024 07:45:41.298] [Render thread/INFO] [com.mojang.authlib.yggdrasil.YggdrasilAuthenticationService/]: Environment: Environment[sessionHost=https://sessionserver.mojang.com, servicesHost=https://api.minecraftservices.com, name=PROD]
[166月2024 07:45:41.312] [Render thread/INFO] [net.minecraft.client.Minecraft/]: Setting user: Dev
[166月2024 07:45:41.501] [Render thread/INFO] [net.minecraft.client.Minecraft/]: Backend library: LWJGL version 3.3.3+5
[166月2024 07:45:41.842] [modloading-worker-0/INFO] [net.neoforged.neoforge.common.NeoForgeMod/NEOFORGE-MOD]: NeoForge mod loading, version 21.0.6-beta, for MC 1.21
[166月2024 07:45:42.449] [Render thread/INFO] [MixinExtras|Service/]: Initializing MixinExtras via com.llamalad7.mixinextras.service.MixinExtrasServiceImpl(version=0.3.5).
[166月2024 07:45:43.116] [Render thread/INFO] [net.neoforged.neoforge.gametest.GameTestHooks/]: Enabled Gametest Namespaces: []
[166月2024 07:45:43.433] [Render thread/INFO] [net.minecraft.server.packs.resources.ReloadableResourceManager/]: Reloading ResourceManager: vanilla, mod_resources, mod/stz, mod/neoforge
[166月2024 07:45:43.613] [Worker-Main-4/INFO] [net.minecraft.client.gui.font.providers.UnihexProvider/]: Found unifont_all_no_pua-15.1.05.hex, loading
[166月2024 07:45:44.027] [Worker-Main-2/INFO] [net.minecraft.client.gui.font.providers.UnihexProvider/]: Found unifont_jp_patch-15.1.05.hex, loading
[166月2024 07:45:46.483] [Render thread/WARN] [net.minecraft.client.sounds.SoundEngine/]: Missing sound for event: minecraft:item.goat_horn.play
[166月2024 07:45:46.483] [Render thread/WARN] [net.minecraft.client.sounds.SoundEngine/]: Missing sound for event: minecraft:entity.goat.screaming.horn_break
[166月2024 07:45:46.635] [Render thread/INFO] [com.mojang.blaze3d.audio.Library/]: OpenAL initialized on device OpenAL Soft on 扬声器 (Realtek High Definition Audio)
[166月2024 07:45:46.636] [Render thread/INFO] [net.minecraft.client.sounds.SoundEngine/SOUNDS]: Sound engine started
[166月2024 07:45:46.828] [Render thread/INFO] [net.minecraft.client.renderer.texture.TextureAtlas/]: Created: 1024x512x4 minecraft:textures/atlas/blocks.png-atlas
[166月2024 07:45:46.951] [Render thread/INFO] [net.minecraft.client.renderer.texture.TextureAtlas/]: Created: 256x256x4 minecraft:textures/atlas/signs.png-atlas
[166月2024 07:45:46.953] [Render thread/INFO] [net.minecraft.client.renderer.texture.TextureAtlas/]: Created: 512x512x4 minecraft:textures/atlas/banner_patterns.png-atlas
[166月2024 07:45:46.963] [Render thread/INFO] [net.minecraft.client.renderer.texture.TextureAtlas/]: Created: 512x512x4 minecraft:textures/atlas/shield_patterns.png-atlas
[166月2024 07:45:46.968] [Render thread/INFO] [net.minecraft.client.renderer.texture.TextureAtlas/]: Created: 1024x1024x4 minecraft:textures/atlas/armor_trims.png-atlas
[166月2024 07:45:47.013] [Render thread/INFO] [net.minecraft.client.renderer.texture.TextureAtlas/]: Created: 256x256x4 minecraft:textures/atlas/chest.png-atlas
[166月2024 07:45:47.014] [Render thread/INFO] [net.minecraft.client.renderer.texture.TextureAtlas/]: Created: 128x64x4 minecraft:textures/atlas/decorated_pot.png-atlas
[166月2024 07:45:47.017] [Render thread/INFO] [net.minecraft.client.renderer.texture.TextureAtlas/]: Created: 512x256x4 minecraft:textures/atlas/shulker_boxes.png-atlas
[166月2024 07:45:47.018] [Render thread/INFO] [net.minecraft.client.renderer.texture.TextureAtlas/]: Created: 512x256x4 minecraft:textures/atlas/beds.png-atlas
[166月2024 07:45:47.334] [Render thread/INFO] [net.minecraft.client.renderer.texture.TextureAtlas/]: Created: 512x256x0 minecraft:textures/atlas/particles.png-atlas
[166月2024 07:45:47.351] [Render thread/INFO] [net.minecraft.client.renderer.texture.TextureAtlas/]: Created: 512x256x0 minecraft:textures/atlas/paintings.png-atlas
[166月2024 07:45:47.354] [Render thread/INFO] [net.minecraft.client.renderer.texture.TextureAtlas/]: Created: 256x128x0 minecraft:textures/atlas/mob_effects.png-atlas
[166月2024 07:45:47.358] [Render thread/INFO] [net.minecraft.client.renderer.texture.TextureAtlas/]: Created: 64x64x0 minecraft:textures/atlas/map_decorations.png-atlas
[166月2024 07:45:47.364] [Render thread/INFO] [net.minecraft.client.renderer.texture.TextureAtlas/]: Created: 1024x512x0 minecraft:textures/atlas/gui.png-atlas
[166月2024 07:45:47.837] [Render thread/WARN] [net.minecraft.client.renderer.ShaderInstance/]: Shader rendertype_entity_translucent_emissive could not find sampler named Sampler2 in the specified shader program.
[166月2024 07:45:54.386] [Render thread/INFO] [net.minecraft.world.item.crafting.RecipeManager/]: Loaded 1290 recipes
[166月2024 07:45:54.590] [Render thread/INFO] [net.minecraft.advancements.AdvancementTree/]: Loaded 1399 advancements
[166月2024 07:45:55.215] [Server thread/INFO] [net.minecraft.client.server.IntegratedServer/]: Starting integrated minecraft server version 1.21
[166月2024 07:45:55.216] [Server thread/INFO] [net.minecraft.server.MinecraftServer/]: Generating keypair
[166月2024 07:45:57.264] [Server thread/INFO] [net.minecraft.server.MinecraftServer/]: Preparing start region for dimension minecraft:overworld
[166月2024 07:45:57.659] [progressListener/INFO] [net.minecraft.server.level.progress.LoggerChunkProgressListener/]: Preparing spawn area: 0%
[166月2024 07:45:57.771] [progressListener/INFO] [net.minecraft.server.level.progress.LoggerChunkProgressListener/]: Preparing spawn area: 40%
[166月2024 07:45:57.896] [Server thread/INFO] [net.neoforged.neoforge.server.permission.PermissionAPI/]: Successfully initialized permission handler neoforge:default_handler
[166月2024 07:45:57.900] [progressListener/INFO] [net.minecraft.server.level.progress.LoggerChunkProgressListener/]: Time elapsed: 633 ms
[166月2024 07:45:58.238] [Server thread/INFO] [net.minecraft.client.server.IntegratedServer/]: Changing view distance to 12, from 10
[166月2024 07:45:58.238] [Server thread/INFO] [net.minecraft.client.server.IntegratedServer/]: Changing simulation distance to 12, from 0
[166月2024 07:45:59.354] [Server thread/INFO] [net.minecraft.server.players.PlayerList/]: Dev[local:E:2d076ed3] logged in with entity id 98 at (-83.58255037050614, 66.0, -78.63176354637929)
[166月2024 07:45:59.419] [Server thread/INFO] [net.minecraft.server.MinecraftServer/]: Dev joined the game
[166月2024 07:45:59.600] [Render thread/INFO] [net.minecraft.advancements.AdvancementTree/]: Loaded 2 advancements
[166月2024 07:46:00.203] [Server thread/INFO] [net.minecraft.client.server.IntegratedServer/]: Saving and pausing game...
[166月2024 07:46:00.332] [Server thread/INFO] [net.minecraft.server.MinecraftServer/]: Saving chunks for level 'ServerLevel[New World]'/minecraft:overworld
[166月2024 07:46:00.424] [Server thread/INFO] [net.minecraft.server.MinecraftServer/]: Saving chunks for level 'ServerLevel[New World]'/minecraft:the_nether
[166月2024 07:46:00.633] [Server thread/INFO] [net.minecraft.server.MinecraftServer/]: Saving chunks for level 'ServerLevel[New World]'/minecraft:the_end
[166月2024 07:46:14.749] [Server thread/INFO] [net.minecraft.client.server.IntegratedServer/]: Saving and pausing game...
[166月2024 07:46:14.805] [Server thread/INFO] [net.minecraft.server.MinecraftServer/]: Saving chunks for level 'ServerLevel[New World]'/minecraft:overworld
[166月2024 07:46:15.014] [Server thread/INFO] [net.minecraft.server.MinecraftServer/]: Saving chunks for level 'ServerLevel[New World]'/minecraft:the_nether
[166月2024 07:46:15.236] [Server thread/INFO] [net.minecraft.server.MinecraftServer/]: Saving chunks for level 'ServerLevel[New World]'/minecraft:the_end
[166月2024 07:46:59.399] [Server thread/INFO] [net.minecraft.client.server.IntegratedServer/]: Saving and pausing game...
[166月2024 07:46:59.430] [Server thread/INFO] [net.minecraft.server.MinecraftServer/]: Saving chunks for level 'ServerLevel[New World]'/minecraft:overworld
[166月2024 07:46:59.572] [Server thread/INFO] [net.minecraft.server.MinecraftServer/]: Saving chunks for level 'ServerLevel[New World]'/minecraft:the_nether
[166月2024 07:46:59.814] [Server thread/INFO] [net.minecraft.server.MinecraftServer/]: Saving chunks for level 'ServerLevel[New World]'/minecraft:the_end
[166月2024 07:47:01.857] [Server thread/INFO] [net.minecraft.server.network.ServerGamePacketListenerImpl/]: Dev lost connection: Disconnected
[166月2024 07:47:01.857] [Server thread/INFO] [net.minecraft.server.MinecraftServer/]: Dev left the game
[166月2024 07:47:01.986] [Server thread/INFO] [net.minecraft.server.network.ServerCommonPacketListenerImpl/]: Stopping singleplayer server as player logged out
[166月2024 07:47:02.000] [Server thread/INFO] [net.minecraft.server.MinecraftServer/]: Stopping server
[166月2024 07:47:02.001] [Server thread/INFO] [net.minecraft.server.MinecraftServer/]: Saving players
[166月2024 07:47:02.001] [Server thread/INFO] [net.minecraft.server.MinecraftServer/]: Saving worlds
[166月2024 07:47:08.600] [Server thread/INFO] [net.minecraft.server.MinecraftServer/]: Saving chunks for level 'ServerLevel[New World]'/minecraft:overworld
[166月2024 07:47:10.656] [Server thread/INFO] [net.minecraft.server.MinecraftServer/]: Saving chunks for level 'ServerLevel[New World]'/minecraft:the_nether
[166月2024 07:47:10.774] [Server thread/INFO] [net.minecraft.server.MinecraftServer/]: Saving chunks for level 'ServerLevel[New World]'/minecraft:the_end
[166月2024 07:47:11.132] [Server thread/INFO] [net.minecraft.server.MinecraftServer/]: ThreadedAnvilChunkStorage (New World): All chunks are saved
[166月2024 07:47:11.132] [Server thread/INFO] [net.minecraft.server.MinecraftServer/]: ThreadedAnvilChunkStorage (DIM-1): All chunks are saved
[166月2024 07:47:11.132] [Server thread/INFO] [net.minecraft.server.MinecraftServer/]: ThreadedAnvilChunkStorage (DIM1): All chunks are saved
[166月2024 07:47:11.133] [Server thread/INFO] [net.minecraft.server.MinecraftServer/]: ThreadedAnvilChunkStorage: All dimensions are saved
[166月2024 07:47:22.780] [Render thread/INFO] [net.minecraft.client.Minecraft/]: Stopping!
